[BOOT] Loading ProjectsController file
[BOOT] Loading ProjectsModule
[BOOT] Creating Nest application...
[32m[Nest] 3483  - [39m08/28/2025, 6:35:33 PM [32m    LOG[39m [38;5;3m[NestFactory] [39m[32mStarting Nest application...[39m
[Prisma] constructor start
[Prisma] constructor end
[BOOT] ProjectsService constructed
[BOOT] ProjectsService manual injection, prisma: true realtime: true
[32m[Nest] 3483  - [39m08/28/2025, 6:35:33 PM [32m    LOG[39m [38;5;3m[InstanceLoader] [39m[32mDatabaseModule dependencies initialized[39m[38;5;3m +23ms[39m
[32m[Nest] 3483  - [39m08/28/2025, 6:35:33 PM [32m    LOG[39m [38;5;3m[InstanceLoader] [39m[32mPassportModule dependencies initialized[39m[38;5;3m +0ms[39m
[32m[Nest] 3483  - [39m08/28/2025, 6:35:33 PM [32m    LOG[39m [38;5;3m[InstanceLoader] [39m[32mConfigHostModule dependencies initialized[39m[38;5;3m +3ms[39m
[32m[Nest] 3483  - [39m08/28/2025, 6:35:33 PM [32m    LOG[39m [38;5;3m[InstanceLoader] [39m[32mThrottlerModule dependencies initialized[39m[38;5;3m +1ms[39m
[32m[Nest] 3483  - [39m08/28/2025, 6:35:33 PM [32m    LOG[39m [38;5;3m[InstanceLoader] [39m[32mAnalyticsModule dependencies initialized[39m[38;5;3m +0ms[39m
[32m[Nest] 3483  - [39m08/28/2025, 6:35:33 PM [32m    LOG[39m [38;5;3m[InstanceLoader] [39m[32mDomainsModule dependencies initialized[39m[38;5;3m +0ms[39m
[32m[Nest] 3483  - [39m08/28/2025, 6:35:33 PM [32m    LOG[39m [38;5;3m[InstanceLoader] [39m[32mDiscoveryModule dependencies initialized[39m[38;5;3m +0ms[39m
[32m[Nest] 3483  - [39m08/28/2025, 6:35:33 PM [32m    LOG[39m [38;5;3m[InstanceLoader] [39m[32mCommunicationModule dependencies initialized[39m[38;5;3m +0ms[39m
[32m[Nest] 3483  - [39m08/28/2025, 6:35:33 PM [32m    LOG[39m [38;5;3m[InstanceLoader] [39m[32mRealtimeModule dependencies initialized[39m[38;5;3m +1ms[39m
[32m[Nest] 3483  - [39m08/28/2025, 6:35:33 PM [32m    LOG[39m [38;5;3m[InstanceLoader] [39m[32mConfigModule dependencies initialized[39m[38;5;3m +0ms[39m
[32m[Nest] 3483  - [39m08/28/2025, 6:35:33 PM [32m    LOG[39m [38;5;3m[InstanceLoader] [39m[32mConfigModule dependencies initialized[39m[38;5;3m +0ms[39m
[32m[Nest] 3483  - [39m08/28/2025, 6:35:33 PM [32m    LOG[39m [38;5;3m[InstanceLoader] [39m[32mScheduleModule dependencies initialized[39m[38;5;3m +0ms[39m
[32m[Nest] 3483  - [39m08/28/2025, 6:35:33 PM [32m    LOG[39m [38;5;3m[InstanceLoader] [39m[32mSeoModule dependencies initialized[39m[38;5;3m +0ms[39m
[32m[Nest] 3483  - [39m08/28/2025, 6:35:33 PM [32m    LOG[39m [38;5;3m[InstanceLoader] [39m[32mAccountsModule dependencies initialized[39m[38;5;3m +1ms[39m
[BOOT] ProjectsController manual injection, projectsService: true realtime: true
[32m[Nest] 3483  - [39m08/28/2025, 6:35:33 PM [32m    LOG[39m [38;5;3m[InstanceLoader] [39m[32mUiModule dependencies initialized[39m[38;5;3m +0ms[39m
[32m[Nest] 3483  - [39m08/28/2025, 6:35:33 PM [32m    LOG[39m [38;5;3m[InstanceLoader] [39m[32mAdminScreensModule dependencies initialized[39m[38;5;3m +0ms[39m
[32m[Nest] 3483  - [39m08/28/2025, 6:35:33 PM [32m    LOG[39m [38;5;3m[InstanceLoader] [39m[32mPermissionsModule dependencies initialized[39m[38;5;3m +0ms[39m
[32m[Nest] 3483  - [39m08/28/2025, 6:35:33 PM [32m    LOG[39m [38;5;3m[InstanceLoader] [39m[32mCommonModule dependencies initialized[39m[38;5;3m +0ms[39m
[32m[Nest] 3483  - [39m08/28/2025, 6:35:33 PM [32m    LOG[39m [38;5;3m[InstanceLoader] [39m[32mProductsModule dependencies initialized[39m[38;5;3m +0ms[39m
[32m[Nest] 3483  - [39m08/28/2025, 6:35:33 PM [32m    LOG[39m [38;5;3m[InstanceLoader] [39m[32mProjectsModule dependencies initialized[39m[38;5;3m +0ms[39m
[32m[Nest] 3483  - [39m08/28/2025, 6:35:33 PM [32m    LOG[39m [38;5;3m[InstanceLoader] [39m[32mMenusModule dependencies initialized[39m[38;5;3m +0ms[39m
[32m[Nest] 3483  - [39m08/28/2025, 6:35:33 PM [32m    LOG[39m [38;5;3m[InstanceLoader] [39m[32mJwtModule dependencies initialized[39m[38;5;3m +0ms[39m
[32m[Nest] 3483  - [39m08/28/2025, 6:35:33 PM [32m    LOG[39m [38;5;3m[InstanceLoader] [39m[32mUserGroupsModule dependencies initialized[39m[38;5;3m +1ms[39m
[32m[Nest] 3483  - [39m08/28/2025, 6:35:33 PM [32m    LOG[39m [38;5;3m[InstanceLoader] [39m[32mViewLevelsModule dependencies initialized[39m[38;5;3m +0ms[39m
[32m[Nest] 3483  - [39m08/28/2025, 6:35:33 PM [32m    LOG[39m [38;5;3m[InstanceLoader] [39m[32mUsersModule dependencies initialized[39m[38;5;3m +0ms[39m
[32m[Nest] 3483  - [39m08/28/2025, 6:35:33 PM [32m    LOG[39m [38;5;3m[InstanceLoader] [39m[32mAppModule dependencies initialized[39m[38;5;3m +0ms[39m
[32m[Nest] 3483  - [39m08/28/2025, 6:35:33 PM [32m    LOG[39m [38;5;3m[InstanceLoader] [39m[32mWebCategoriesModule dependencies initialized[39m[38;5;3m +0ms[39m
[32m[Nest] 3483  - [39m08/28/2025, 6:35:33 PM [32m    LOG[39m [38;5;3m[InstanceLoader] [39m[32mInvitationsModule dependencies initialized[39m[38;5;3m +0ms[39m
[32m[Nest] 3483  - [39m08/28/2025, 6:35:33 PM [32m    LOG[39m [38;5;3m[InstanceLoader] [39m[32mPagesModule dependencies initialized[39m[38;5;3m +0ms[39m
[32m[Nest] 3483  - [39m08/28/2025, 6:35:33 PM [32m    LOG[39m [38;5;3m[InstanceLoader] [39m[32mAuthModule dependencies initialized[39m[38;5;3m +0ms[39m
[BOOT] Nest application created
[BOOT] Application created successfully, starting configuration...
[BOOT] CORS enabled with [
  'http://localhost:5177',
  'http://localhost:5178',
  'http://localhost:3000',
  'http://localhost:4000'
]
[BOOT] Global prefix set to /api
[33m[Nest] 3483  - [39m08/28/2025, 6:35:33 PM [33m   WARN[39m [38;5;3m[LegacyRouteConverter] [39m[33mUnsupported route path: "/api/ui/breadcrumbs/projects/:projectId/*". In previous versions, the symbols ?, *, and + were used to denote optional or repeating path parameters. The latest version of "path-to-regexp" now requires the use of named parameters. For example, instead of using a route like /users/* to capture all routes starting with "/users", you should use /users/*path. For more details, refer to the migration guide. Attempting to auto-convert...[39m
[BOOT] Swagger enabled at /api-docs
[BOOT] Starting server setup...
[BOOT] About to listen on port 3002
[33m[Nest] 3483  - [39m08/28/2025, 6:35:33 PM [33m   WARN[39m [38;5;3m[LegacyRouteConverter] [39m[33mUnsupported route path: "/api/*". In previous versions, the symbols ?, *, and + were used to denote optional or repeating path parameters. The latest version of "path-to-regexp" now requires the use of named parameters. For example, instead of using a route like /users/* to capture all routes starting with "/users", you should use /users/*path. For more details, refer to the migration guide. Attempting to auto-convert...[39m
[33m[Nest] 3483  - [39m08/28/2025, 6:35:33 PM [33m   WARN[39m [38;5;3m[LegacyRouteConverter] [39m[33mUnsupported route path: "/api/*". In previous versions, the symbols ?, *, and + were used to denote optional or repeating path parameters. The latest version of "path-to-regexp" now requires the use of named parameters. For example, instead of using a route like /users/* to capture all routes starting with "/users", you should use /users/*path. For more details, refer to the migration guide. Attempting to auto-convert...[39m
[33m[Nest] 3483  - [39m08/28/2025, 6:35:33 PM [33m   WARN[39m [38;5;3m[LegacyRouteConverter] [39m[33mUnsupported route path: "/api/menu-items/*". In previous versions, the symbols ?, *, and + were used to denote optional or repeating path parameters. The latest version of "path-to-regexp" now requires the use of named parameters. For example, instead of using a route like /users/* to capture all routes starting with "/users", you should use /users/*path. For more details, refer to the migration guide. Attempting to auto-convert...[39m
[33m[Nest] 3483  - [39m08/28/2025, 6:35:33 PM [33m   WARN[39m [38;5;3m[LegacyRouteConverter] [39m[33mUnsupported route path: "/api/menu-types/*". In previous versions, the symbols ?, *, and + were used to denote optional or repeating path parameters. The latest version of "path-to-regexp" now requires the use of named parameters. For example, instead of using a route like /users/* to capture all routes starting with "/users", you should use /users/*path. For more details, refer to the migration guide. Attempting to auto-convert...[39m
[32m[Nest] 3483  - [39m08/28/2025, 6:35:33 PM [32m    LOG[39m [38;5;3m[RoutesResolver] [39m[32mHealthController {/api}:[39m[38;5;3m +1ms[39m
[32m[Nest] 3483  - [39m08/28/2025, 6:35:33 PM [32m    LOG[39m [38;5;3m[RouterExplorer] [39m[32mMapped {/api/health, GET} route[39m[38;5;3m +0ms[39m
[32m[Nest] 3483  - [39m08/28/2025, 6:35:33 PM [32m    LOG[39m [38;5;3m[RouterExplorer] [39m[32mMapped {/api, GET} route[39m[38;5;3m +1ms[39m
[32m[Nest] 3483  - [39m08/28/2025, 6:35:33 PM [32m    LOG[39m [38;5;3m[RoutesResolver] [39m[32mRealtimeController {/api/realtime}:[39m[38;5;3m +0ms[39m
[32m[Nest] 3483  - [39m08/28/2025, 6:35:33 PM [32m    LOG[39m [38;5;3m[RouterExplorer] [39m[32mMapped {/api/realtime/test, GET} route[39m[38;5;3m +0ms[39m
[32m[Nest] 3483  - [39m08/28/2025, 6:35:33 PM [32m    LOG[39m [38;5;3m[RouterExplorer] [39m[32mMapped {/api/realtime/stats, GET} route[39m[38;5;3m +0ms[39m
[32m[Nest] 3483  - [39m08/28/2025, 6:35:33 PM [32m    LOG[39m [38;5;3m[RouterExplorer] [39m[32mMapped {/api/realtime/projects, GET} route[39m[38;5;3m +0ms[39m
[32m[Nest] 3483  - [39m08/28/2025, 6:35:33 PM [32m    LOG[39m [38;5;3m[RouterExplorer] [39m[32mMapped {/api/realtime/users, GET} route[39m[38;5;3m +0ms[39m
[32m[Nest] 3483  - [39m08/28/2025, 6:35:33 PM [32m    LOG[39m [38;5;3m[RouterExplorer] [39m[32mMapped {/api/realtime/api/realtime/heartbeat, GET} route[39m[38;5;3m +0ms[39m
[32m[Nest] 3483  - [39m08/28/2025, 6:35:33 PM [32m    LOG[39m [38;5;3m[RouterExplorer] [39m[32mMapped {/api/realtime/api/realtime/progress, GET} route[39m[38;5;3m +1ms[39m
[32m[Nest] 3483  - [39m08/28/2025, 6:35:33 PM [32m    LOG[39m [38;5;3m[RoutesResolver] [39m[32mPagesController {/api/pages}:[39m[38;5;3m +0ms[39m
[32m[Nest] 3483  - [39m08/28/2025, 6:35:33 PM [32m    LOG[39m [38;5;3m[RouterExplorer] [39m[32mMapped {/api/pages, GET} route[39m[38;5;3m +0ms[39m
[32m[Nest] 3483  - [39m08/28/2025, 6:35:33 PM [32m    LOG[39m [38;5;3m[RouterExplorer] [39m[32mMapped {/api/pages/preview, GET} route[39m[38;5;3m +0ms[39m
[32m[Nest] 3483  - [39m08/28/2025, 6:35:33 PM [32m    LOG[39m [38;5;3m[RouterExplorer] [39m[32mMapped {/api/pages/:id, GET} route[39m[38;5;3m +0ms[39m
[32m[Nest] 3483  - [39m08/28/2025, 6:35:33 PM [32m    LOG[39m [38;5;3m[RouterExplorer] [39m[32mMapped {/api/pages, POST} route[39m[38;5;3m +0ms[39m
[32m[Nest] 3483  - [39m08/28/2025, 6:35:33 PM [32m    LOG[39m [38;5;3m[RouterExplorer] [39m[32mMapped {/api/pages/:id, PUT} route[39m[38;5;3m +0ms[39m
[32m[Nest] 3483  - [39m08/28/2025, 6:35:33 PM [32m    LOG[39m [38;5;3m[RouterExplorer] [39m[32mMapped {/api/pages/:id, DELETE} route[39m[38;5;3m +1ms[39m
[32m[Nest] 3483  - [39m08/28/2025, 6:35:33 PM [32m    LOG[39m [38;5;3m[RoutesResolver] [39m[32mProjectPagesController {/api}:[39m[38;5;3m +0ms[39m
[32m[Nest] 3483  - [39m08/28/2025, 6:35:33 PM [32m    LOG[39m [38;5;3m[RouterExplorer] [39m[32mMapped {/api/projects/:projectId/pages, GET} route[39m[38;5;3m +0ms[39m
[32m[Nest] 3483  - [39m08/28/2025, 6:35:33 PM [32m    LOG[39m [38;5;3m[RouterExplorer] [39m[32mMapped {/api/projects/:projectId/products/:productId/pages, GET} route[39m[38;5;3m +0ms[39m
[32m[Nest] 3483  - [39m08/28/2025, 6:35:33 PM [32m    LOG[39m [38;5;3m[RouterExplorer] [39m[32mMapped {/api/projects/:projectId/pages/reorder, PATCH} route[39m[38;5;3m +0ms[39m
[32m[Nest] 3483  - [39m08/28/2025, 6:35:33 PM [32m    LOG[39m [38;5;3m[RoutesResolver] [39m[32mPageCategoriesController {/api}:[39m[38;5;3m +0ms[39m
[32m[Nest] 3483  - [39m08/28/2025, 6:35:33 PM [32m    LOG[39m [38;5;3m[RouterExplorer] [39m[32mMapped {/api/pages/:id/categories, PATCH} route[39m[38;5;3m +0ms[39m
[32m[Nest] 3483  - [39m08/28/2025, 6:35:33 PM [32m    LOG[39m [38;5;3m[RouterExplorer] [39m[32mMapped {/api/pages/:id/categories/primary, PATCH} route[39m[38;5;3m +0ms[39m
[32m[Nest] 3483  - [39m08/28/2025, 6:35:33 PM [32m    LOG[39m [38;5;3m[RoutesResolver] [39m[32mProjectsController {/api/projects}:[39m[38;5;3m +0ms[39m
[32m[Nest] 3483  - [39m08/28/2025, 6:35:33 PM [32m    LOG[39m [38;5;3m[RouterExplorer] [39m[32mMapped {/api/projects, GET} route[39m[38;5;3m +0ms[39m
[32m[Nest] 3483  - [39m08/28/2025, 6:35:33 PM [32m    LOG[39m [38;5;3m[RouterExplorer] [39m[32mMapped {/api/projects/check-slug/:slug, GET} route[39m[38;5;3m +1ms[39m
[32m[Nest] 3483  - [39m08/28/2025, 6:35:33 PM [32m    LOG[39m [38;5;3m[RouterExplorer] [39m[32mMapped {/api/projects/check-domain/:domain, GET} route[39m[38;5;3m +0ms[39m
[32m[Nest] 3483  - [39m08/28/2025, 6:35:33 PM [32m    LOG[39m [38;5;3m[RouterExplorer] [39m[32mMapped {/api/projects/:id, GET} route[39m[38;5;3m +0ms[39m
[32m[Nest] 3483  - [39m08/28/2025, 6:35:33 PM [32m    LOG[39m [38;5;3m[RouterExplorer] [39m[32mMapped {/api/projects, POST} route[39m[38;5;3m +0ms[39m
[32m[Nest] 3483  - [39m08/28/2025, 6:35:33 PM [32m    LOG[39m [38;5;3m[RouterExplorer] [39m[32mMapped {/api/projects/:id, PATCH} route[39m[38;5;3m +0ms[39m
[32m[Nest] 3483  - [39m08/28/2025, 6:35:33 PM [32m    LOG[39m [38;5;3m[RouterExplorer] [39m[32mMapped {/api/projects/:id, PUT} route[39m[38;5;3m +0ms[39m
[32m[Nest] 3483  - [39m08/28/2025, 6:35:33 PM [32m    LOG[39m [38;5;3m[RouterExplorer] [39m[32mMapped {/api/projects/:id/domains, PATCH} route[39m[38;5;3m +0ms[39m
[32m[Nest] 3483  - [39m08/28/2025, 6:35:33 PM [32m    LOG[39m [38;5;3m[RouterExplorer] [39m[32mMapped {/api/projects/:id/status, PATCH} route[39m[38;5;3m +0ms[39m
[32m[Nest] 3483  - [39m08/28/2025, 6:35:33 PM [32m    LOG[39m [38;5;3m[RouterExplorer] [39m[32mMapped {/api/projects/:id, DELETE} route[39m[38;5;3m +0ms[39m
[32m[Nest] 3483  - [39m08/28/2025, 6:35:33 PM [32m    LOG[39m [38;5;3m[RouterExplorer] [39m[32mMapped {/api/projects/:id/publish, PUT} route[39m[38;5;3m +0ms[39m
[32m[Nest] 3483  - [39m08/28/2025, 6:35:33 PM [32m    LOG[39m [38;5;3m[RouterExplorer] [39m[32mMapped {/api/projects/:id/unpublish, PUT} route[39m[38;5;3m +0ms[39m
[32m[Nest] 3483  - [39m08/28/2025, 6:35:33 PM [32m    LOG[39m [38;5;3m[RouterExplorer] [39m[32mMapped {/api/projects/:id/duplicate, POST} route[39m[38;5;3m +0ms[39m
[32m[Nest] 3483  - [39m08/28/2025, 6:35:33 PM [32m    LOG[39m [38;5;3m[RouterExplorer] [39m[32mMapped {/api/projects/:id/accesses, GET} route[39m[38;5;3m +0ms[39m
[32m[Nest] 3483  - [39m08/28/2025, 6:35:33 PM [32m    LOG[39m [38;5;3m[RouterExplorer] [39m[32mMapped {/api/projects/:id/accesses, POST} route[39m[38;5;3m +0ms[39m
[32m[Nest] 3483  - [39m08/28/2025, 6:35:33 PM [32m    LOG[39m [38;5;3m[RouterExplorer] [39m[32mMapped {/api/projects/:id/accesses/:accessId, PATCH} route[39m[38;5;3m +0ms[39m
[32m[Nest] 3483  - [39m08/28/2025, 6:35:33 PM [32m    LOG[39m [38;5;3m[RouterExplorer] [39m[32mMapped {/api/projects/:id/accesses/:accessId, DELETE} route[39m[38;5;3m +0ms[39m
[32m[Nest] 3483  - [39m08/28/2025, 6:35:33 PM [32m    LOG[39m [38;5;3m[RouterExplorer] [39m[32mMapped {/api/projects/seed/dev/:count, POST} route[39m[38;5;3m +1ms[39m
[32m[Nest] 3483  - [39m08/28/2025, 6:35:33 PM [32m    LOG[39m [38;5;3m[RoutesResolver] [39m[32mWebCategoriesController {/api}:[39m[38;5;3m +0ms[39m
[32m[Nest] 3483  - [39m08/28/2025, 6:35:33 PM [32m    LOG[39m [38;5;3m[RouterExplorer] [39m[32mMapped {/api/projects/:projectId/pages/categories, GET} route[39m[38;5;3m +0ms[39m
[32m[Nest] 3483  - [39m08/28/2025, 6:35:33 PM [32m    LOG[39m [38;5;3m[RouterExplorer] [39m[32mMapped {/api/projects/:projectId/pages/categories, POST} route[39m[38;5;3m +0ms[39m
[32m[Nest] 3483  - [39m08/28/2025, 6:35:33 PM [32m    LOG[39m [38;5;3m[RouterExplorer] [39m[32mMapped {/api/pages/categories/:id, PUT} route[39m[38;5;3m +0ms[39m
[32m[Nest] 3483  - [39m08/28/2025, 6:35:33 PM [32m    LOG[39m [38;5;3m[RouterExplorer] [39m[32mMapped {/api/pages/categories/:id, DELETE} route[39m[38;5;3m +0ms[39m
[32m[Nest] 3483  - [39m08/28/2025, 6:35:33 PM [32m    LOG[39m [38;5;3m[RouterExplorer] [39m[32mMapped {/api/pages/categories/reorder, PATCH} route[39m[38;5;3m +0ms[39m
[32m[Nest] 3483  - [39m08/28/2025, 6:35:33 PM [32m    LOG[39m [38;5;3m[RoutesResolver] [39m[32mProductsController {/api/products}:[39m[38;5;3m +0ms[39m
[32m[Nest] 3483  - [39m08/28/2025, 6:35:33 PM [32m    LOG[39m [38;5;3m[RouterExplorer] [39m[32mMapped {/api/products/health, GET} route[39m[38;5;3m +0ms[39m
[32m[Nest] 3483  - [39m08/28/2025, 6:35:33 PM [32m    LOG[39m [38;5;3m[RouterExplorer] [39m[32mMapped {/api/products/debug-di, GET} route[39m[38;5;3m +0ms[39m
[32m[Nest] 3483  - [39m08/28/2025, 6:35:33 PM [32m    LOG[39m [38;5;3m[RouterExplorer] [39m[32mMapped {/api/products, GET} route[39m[38;5;3m +0ms[39m
[32m[Nest] 3483  - [39m08/28/2025, 6:35:33 PM [32m    LOG[39m [38;5;3m[RouterExplorer] [39m[32mMapped {/api/products/catalog/types, GET} route[39m[38;5;3m +0ms[39m
[32m[Nest] 3483  - [39m08/28/2025, 6:35:33 PM [32m    LOG[39m [38;5;3m[RouterExplorer] [39m[32mMapped {/api/products/:id, GET} route[39m[38;5;3m +0ms[39m
[32m[Nest] 3483  - [39m08/28/2025, 6:35:33 PM [32m    LOG[39m [38;5;3m[RouterExplorer] [39m[32mMapped {/api/products, POST} route[39m[38;5;3m +0ms[39m
[32m[Nest] 3483  - [39m08/28/2025, 6:35:33 PM [32m    LOG[39m [38;5;3m[RouterExplorer] [39m[32mMapped {/api/products/:id, PUT} route[39m[38;5;3m +0ms[39m
[32m[Nest] 3483  - [39m08/28/2025, 6:35:33 PM [32m    LOG[39m [38;5;3m[RouterExplorer] [39m[32mMapped {/api/products/:id, DELETE} route[39m[38;5;3m +0ms[39m
[32m[Nest] 3483  - [39m08/28/2025, 6:35:33 PM [32m    LOG[39m [38;5;3m[RoutesResolver] [39m[32mProjectProductsController {/api/api/projects/:projectId/products}:[39m[38;5;3m +0ms[39m
[32m[Nest] 3483  - [39m08/28/2025, 6:35:33 PM [32m    LOG[39m [38;5;3m[RouterExplorer] [39m[32mMapped {/api/api/projects/:projectId/products, GET} route[39m[38;5;3m +0ms[39m
[32m[Nest] 3483  - [39m08/28/2025, 6:35:33 PM [32m    LOG[39m [38;5;3m[RouterExplorer] [39m[32mMapped {/api/api/projects/:projectId/products, POST} route[39m[38;5;3m +0ms[39m
[32m[Nest] 3483  - [39m08/28/2025, 6:35:33 PM [32m    LOG[39m [38;5;3m[RouterExplorer] [39m[32mMapped {/api/api/projects/:projectId/products/:productId, PUT} route[39m[38;5;3m +1ms[39m
[32m[Nest] 3483  - [39m08/28/2025, 6:35:33 PM [32m    LOG[39m [38;5;3m[RouterExplorer] [39m[32mMapped {/api/api/projects/:projectId/products/:productId, DELETE} route[39m[38;5;3m +0ms[39m
[32m[Nest] 3483  - [39m08/28/2025, 6:35:33 PM [32m    LOG[39m [38;5;3m[RoutesResolver] [39m[32mCategoriesController {/api/categories}:[39m[38;5;3m +0ms[39m
[32m[Nest] 3483  - [39m08/28/2025, 6:35:33 PM [32m    LOG[39m [38;5;3m[RouterExplorer] [39m[32mMapped {/api/categories, GET} route[39m[38;5;3m +0ms[39m
[32m[Nest] 3483  - [39m08/28/2025, 6:35:33 PM [32m    LOG[39m [38;5;3m[RouterExplorer] [39m[32mMapped {/api/categories/items-by-filters, GET} route[39m[38;5;3m +0ms[39m
[32m[Nest] 3483  - [39m08/28/2025, 6:35:33 PM [32m    LOG[39m [38;5;3m[RouterExplorer] [39m[32mMapped {/api/categories/:id, GET} route[39m[38;5;3m +0ms[39m
[32m[Nest] 3483  - [39m08/28/2025, 6:35:33 PM [32m    LOG[39m [38;5;3m[RouterExplorer] [39m[32mMapped {/api/categories, POST} route[39m[38;5;3m +0ms[39m
[32m[Nest] 3483  - [39m08/28/2025, 6:35:33 PM [32m    LOG[39m [38;5;3m[RouterExplorer] [39m[32mMapped {/api/categories/:id, PUT} route[39m[38;5;3m +0ms[39m
[32m[Nest] 3483  - [39m08/28/2025, 6:35:33 PM [32m    LOG[39m [38;5;3m[RouterExplorer] [39m[32mMapped {/api/categories/:id, DELETE} route[39m[38;5;3m +0ms[39m
[32m[Nest] 3483  - [39m08/28/2025, 6:35:33 PM [32m    LOG[39m [38;5;3m[RouterExplorer] [39m[32mMapped {/api/categories/reorder, PATCH} route[39m[38;5;3m +0ms[39m
[32m[Nest] 3483  - [39m08/28/2025, 6:35:33 PM [32m    LOG[39m [38;5;3m[RoutesResolver] [39m[32mItemsController {/api/items}:[39m[38;5;3m +0ms[39m
[32m[Nest] 3483  - [39m08/28/2025, 6:35:33 PM [32m    LOG[39m [38;5;3m[RouterExplorer] [39m[32mMapped {/api/items, GET} route[39m[38;5;3m +0ms[39m
[32m[Nest] 3483  - [39m08/28/2025, 6:35:33 PM [32m    LOG[39m [38;5;3m[RouterExplorer] [39m[32mMapped {/api/items/:id, GET} route[39m[38;5;3m +0ms[39m
[32m[Nest] 3483  - [39m08/28/2025, 6:35:33 PM [32m    LOG[39m [38;5;3m[RouterExplorer] [39m[32mMapped {/api/items, POST} route[39m[38;5;3m +0ms[39m
[32m[Nest] 3483  - [39m08/28/2025, 6:35:33 PM [32m    LOG[39m [38;5;3m[RouterExplorer] [39m[32mMapped {/api/items/:id, PUT} route[39m[38;5;3m +0ms[39m
[32m[Nest] 3483  - [39m08/28/2025, 6:35:33 PM [32m    LOG[39m [38;5;3m[RouterExplorer] [39m[32mMapped {/api/items/:id, DELETE} route[39m[38;5;3m +0ms[39m
[32m[Nest] 3483  - [39m08/28/2025, 6:35:33 PM [32m    LOG[39m [38;5;3m[RoutesResolver] [39m[32mAnalyticsController {/api/api/analytics}:[39m[38;5;3m +0ms[39m
[32m[Nest] 3483  - [39m08/28/2025, 6:35:33 PM [32m    LOG[39m [38;5;3m[RouterExplorer] [39m[32mMapped {/api/api/analytics/dashboard, GET} route[39m[38;5;3m +0ms[39m
[32m[Nest] 3483  - [39m08/28/2025, 6:35:33 PM [32m    LOG[39m [38;5;3m[RouterExplorer] [39m[32mMapped {/api/api/analytics/traffic, GET} route[39m[38;5;3m +0ms[39m
[32m[Nest] 3483  - [39m08/28/2025, 6:35:33 PM [32m    LOG[39m [38;5;3m[RouterExplorer] [39m[32mMapped {/api/api/analytics/conversions, GET} route[39m[38;5;3m +0ms[39m
[32m[Nest] 3483  - [39m08/28/2025, 6:35:33 PM [32m    LOG[39m [38;5;3m[RouterExplorer] [39m[32mMapped {/api/api/analytics/projects, GET} route[39m[38;5;3m +1ms[39m
[32m[Nest] 3483  - [39m08/28/2025, 6:35:33 PM [32m    LOG[39m [38;5;3m[RouterExplorer] [39m[32mMapped {/api/api/analytics/top-pages, GET} route[39m[38;5;3m +0ms[39m
[32m[Nest] 3483  - [39m08/28/2025, 6:35:33 PM [32m    LOG[39m [38;5;3m[RouterExplorer] [39m[32mMapped {/api/api/analytics/traffic-sources, GET} route[39m[38;5;3m +0ms[39m
[32m[Nest] 3483  - [39m08/28/2025, 6:35:33 PM [32m    LOG[39m [38;5;3m[RouterExplorer] [39m[32mMapped {/api/api/analytics/devices, GET} route[39m[38;5;3m +0ms[39m
[32m[Nest] 3483  - [39m08/28/2025, 6:35:33 PM [32m    LOG[39m [38;5;3m[RoutesResolver] [39m[32mPublicSeoController {/api}:[39m[38;5;3m +0ms[39m
[32m[Nest] 3483  - [39m08/28/2025, 6:35:33 PM [32m    LOG[39m [38;5;3m[RouterExplorer] [39m[32mMapped {/api/robots.txt, GET} route[39m[38;5;3m +0ms[39m
[32m[Nest] 3483  - [39m08/28/2025, 6:35:33 PM [32m    LOG[39m [38;5;3m[RouterExplorer] [39m[32mMapped {/api/sitemap.xml, GET} route[39m[38;5;3m +0ms[39m
[32m[Nest] 3483  - [39m08/28/2025, 6:35:33 PM [32m    LOG[39m [38;5;3m[RoutesResolver] [39m[32mDomainsController {/api/api/domains}:[39m[38;5;3m +0ms[39m
[32m[Nest] 3483  - [39m08/28/2025, 6:35:33 PM [32m    LOG[39m [38;5;3m[RouterExplorer] [39m[32mMapped {/api/api/domains/check, GET} route[39m[38;5;3m +0ms[39m
[32m[Nest] 3483  - [39m08/28/2025, 6:35:33 PM [32m    LOG[39m [38;5;3m[RoutesResolver] [39m[32mAccountsController {/api/api/accounts}:[39m[38;5;3m +0ms[39m
[32m[Nest] 3483  - [39m08/28/2025, 6:35:33 PM [32m    LOG[39m [38;5;3m[RouterExplorer] [39m[32mMapped {/api/api/accounts, GET} route[39m[38;5;3m +0ms[39m
[32m[Nest] 3483  - [39m08/28/2025, 6:35:33 PM [32m    LOG[39m [38;5;3m[RouterExplorer] [39m[32mMapped {/api/api/accounts/:id, GET} route[39m[38;5;3m +0ms[39m
[32m[Nest] 3483  - [39m08/28/2025, 6:35:33 PM [32m    LOG[39m [38;5;3m[RouterExplorer] [39m[32mMapped {/api/api/accounts, POST} route[39m[38;5;3m +0ms[39m
[32m[Nest] 3483  - [39m08/28/2025, 6:35:33 PM [32m    LOG[39m [38;5;3m[RouterExplorer] [39m[32mMapped {/api/api/accounts/:id, PATCH} route[39m[38;5;3m +0ms[39m
[32m[Nest] 3483  - [39m08/28/2025, 6:35:33 PM [32m    LOG[39m [38;5;3m[RouterExplorer] [39m[32mMapped {/api/api/accounts/:id, DELETE} route[39m[38;5;3m +0ms[39m
[32m[Nest] 3483  - [39m08/28/2025, 6:35:33 PM [32m    LOG[39m [38;5;3m[RoutesResolver] [39m[32mAccountMembershipsController {/api/api/account-memberships}:[39m[38;5;3m +0ms[39m
[32m[Nest] 3483  - [39m08/28/2025, 6:35:33 PM [32m    LOG[39m [38;5;3m[RouterExplorer] [39m[32mMapped {/api/api/account-memberships/:accountId, GET} route[39m[38;5;3m +0ms[39m
[32m[Nest] 3483  - [39m08/28/2025, 6:35:33 PM [32m    LOG[39m [38;5;3m[RouterExplorer] [39m[32mMapped {/api/api/account-memberships, POST} route[39m[38;5;3m +0ms[39m
[32m[Nest] 3483  - [39m08/28/2025, 6:35:33 PM [32m    LOG[39m [38;5;3m[RouterExplorer] [39m[32mMapped {/api/api/account-memberships/:id, PATCH} route[39m[38;5;3m +0ms[39m
[32m[Nest] 3483  - [39m08/28/2025, 6:35:33 PM [32m    LOG[39m [38;5;3m[RouterExplorer] [39m[32mMapped {/api/api/account-memberships/:id, DELETE} route[39m[38;5;3m +0ms[39m
[32m[Nest] 3483  - [39m08/28/2025, 6:35:33 PM [32m    LOG[39m [38;5;3m[RoutesResolver] [39m[32mAgencyClientController {/api/api/agency-clients}:[39m[38;5;3m +0ms[39m
[32m[Nest] 3483  - [39m08/28/2025, 6:35:33 PM [32m    LOG[39m [38;5;3m[RouterExplorer] [39m[32mMapped {/api/api/agency-clients/:agencyAccountId, GET} route[39m[38;5;3m +0ms[39m
[32m[Nest] 3483  - [39m08/28/2025, 6:35:33 PM [32m    LOG[39m [38;5;3m[RouterExplorer] [39m[32mMapped {/api/api/agency-clients, POST} route[39m[38;5;3m +0ms[39m
[32m[Nest] 3483  - [39m08/28/2025, 6:35:33 PM [32m    LOG[39m [38;5;3m[RouterExplorer] [39m[32mMapped {/api/api/agency-clients/:id, DELETE} route[39m[38;5;3m +0ms[39m
[32m[Nest] 3483  - [39m08/28/2025, 6:35:33 PM [32m    LOG[39m [38;5;3m[RoutesResolver] [39m[32mMenuTypesController {/api/menu-types}:[39m[38;5;3m +1ms[39m
[32m[Nest] 3483  - [39m08/28/2025, 6:35:33 PM [32m    LOG[39m [38;5;3m[RouterExplorer] [39m[32mMapped {/api/menu-types, GET} route[39m[38;5;3m +0ms[39m
[32m[Nest] 3483  - [39m08/28/2025, 6:35:33 PM [32m    LOG[39m [38;5;3m[RouterExplorer] [39m[32mMapped {/api/menu-types/:id, GET} route[39m[38;5;3m +0ms[39m
[32m[Nest] 3483  - [39m08/28/2025, 6:35:33 PM [32m    LOG[39m [38;5;3m[RouterExplorer] [39m[32mMapped {/api/menu-types, POST} route[39m[38;5;3m +0ms[39m
[32m[Nest] 3483  - [39m08/28/2025, 6:35:33 PM [32m    LOG[39m [38;5;3m[RouterExplorer] [39m[32mMapped {/api/menu-types/:id, PUT} route[39m[38;5;3m +0ms[39m
[32m[Nest] 3483  - [39m08/28/2025, 6:35:33 PM [32m    LOG[39m [38;5;3m[RouterExplorer] [39m[32mMapped {/api/menu-types/:id, DELETE} route[39m[38;5;3m +0ms[39m
[32m[Nest] 3483  - [39m08/28/2025, 6:35:33 PM [32m    LOG[39m [38;5;3m[RoutesResolver] [39m[32mMenuItemsController {/api/menu-items}:[39m[38;5;3m +0ms[39m
[32m[Nest] 3483  - [39m08/28/2025, 6:35:33 PM [32m    LOG[39m [38;5;3m[RouterExplorer] [39m[32mMapped {/api/menu-items, GET} route[39m[38;5;3m +0ms[39m
[32m[Nest] 3483  - [39m08/28/2025, 6:35:33 PM [32m    LOG[39m [38;5;3m[RouterExplorer] [39m[32mMapped {/api/menu-items/items-by-filters, GET} route[39m[38;5;3m +0ms[39m
[32m[Nest] 3483  - [39m08/28/2025, 6:35:33 PM [32m    LOG[39m [38;5;3m[RouterExplorer] [39m[32mMapped {/api/menu-items/active, GET} route[39m[38;5;3m +0ms[39m
[32m[Nest] 3483  - [39m08/28/2025, 6:35:33 PM [32m    LOG[39m [38;5;3m[RouterExplorer] [39m[32mMapped {/api/menu-items/authorized, GET} route[39m[38;5;3m +0ms[39m
[32m[Nest] 3483  - [39m08/28/2025, 6:35:33 PM [32m    LOG[39m [38;5;3m[RouterExplorer] [39m[32mMapped {/api/menu-items/lookup, GET} route[39m[38;5;3m +0ms[39m
[32m[Nest] 3483  - [39m08/28/2025, 6:35:33 PM [32m    LOG[39m [38;5;3m[RouterExplorer] [39m[32mMapped {/api/menu-items/routing/get-itemid, GET} route[39m[38;5;3m +0ms[39m
[32m[Nest] 3483  - [39m08/28/2025, 6:35:33 PM [32m    LOG[39m [38;5;3m[RouterExplorer] [39m[32mMapped {/api/menu-items/routing/parse-url, GET} route[39m[38;5;3m +0ms[39m
[32m[Nest] 3483  - [39m08/28/2025, 6:35:33 PM [32m    LOG[39m [38;5;3m[RouterExplorer] [39m[32mMapped {/api/menu-items/routing/sitemap, GET} route[39m[38;5;3m +0ms[39m
[32m[Nest] 3483  - [39m08/28/2025, 6:35:33 PM [32m    LOG[39m [38;5;3m[RouterExplorer] [39m[32mMapped {/api/menu-items/active-by-path, GET} route[39m[38;5;3m +0ms[39m
[32m[Nest] 3483  - [39m08/28/2025, 6:35:33 PM [32m    LOG[39m [38;5;3m[RouterExplorer] [39m[32mMapped {/api/menu-items, POST} route[39m[38;5;3m +0ms[39m
[32m[Nest] 3483  - [39m08/28/2025, 6:35:33 PM [32m    LOG[39m [38;5;3m[RouterExplorer] [39m[32mMapped {/api/menu-items/:id, PUT} route[39m[38;5;3m +0ms[39m
[32m[Nest] 3483  - [39m08/28/2025, 6:35:33 PM [32m    LOG[39m [38;5;3m[RouterExplorer] [39m[32mMapped {/api/menu-items/:id, DELETE} route[39m[38;5;3m +0ms[39m
[32m[Nest] 3483  - [39m08/28/2025, 6:35:33 PM [32m    LOG[39m [38;5;3m[RouterExplorer] [39m[32mMapped {/api/menu-items/reorder, PATCH} route[39m[38;5;3m +0ms[39m
[32m[Nest] 3483  - [39m08/28/2025, 6:35:33 PM [32m    LOG[39m [38;5;3m[RouterExplorer] [39m[32mMapped {/api/menu-items/:id/resolve, GET} route[39m[38;5;3m +1ms[39m
[32m[Nest] 3483  - [39m08/28/2025, 6:35:33 PM [32m    LOG[39m [38;5;3m[RouterExplorer] [39m[32mMapped {/api/menu-items/security/check-access/:id, GET} route[39m[38;5;3m +0ms[39m
[32m[Nest] 3483  - [39m08/28/2025, 6:35:33 PM [32m    LOG[39m [38;5;3m[RouterExplorer] [39m[32mMapped {/api/menu-items/security/access-stats, GET} route[39m[38;5;3m +0ms[39m
[32m[Nest] 3483  - [39m08/28/2025, 6:35:33 PM [32m    LOG[39m [38;5;3m[RouterExplorer] [39m[32mMapped {/api/menu-items/:id/sef-url, GET} route[39m[38;5;3m +1ms[39m
[32m[Nest] 3483  - [39m08/28/2025, 6:35:33 PM [32m    LOG[39m [38;5;3m[RouterExplorer] [39m[32mMapped {/api/menu-items/:id, GET} route[39m[38;5;3m +0ms[39m
[32m[Nest] 3483  - [39m08/28/2025, 6:35:33 PM [32m    LOG[39m [38;5;3m[RoutesResolver] [39m[32mAuthController {/api/auth}:[39m[38;5;3m +0ms[39m
[32m[Nest] 3483  - [39m08/28/2025, 6:35:33 PM [32m    LOG[39m [38;5;3m[RouterExplorer] [39m[32mMapped {/api/auth/register, POST} route[39m[38;5;3m +0ms[39m
[32m[Nest] 3483  - [39m08/28/2025, 6:35:33 PM [32m    LOG[39m [38;5;3m[RouterExplorer] [39m[32mMapped {/api/auth/login, POST} route[39m[38;5;3m +0ms[39m
[32m[Nest] 3483  - [39m08/28/2025, 6:35:33 PM [32m    LOG[39m [38;5;3m[RouterExplorer] [39m[32mMapped {/api/auth/profile, POST} route[39m[38;5;3m +0ms[39m
[32m[Nest] 3483  - [39m08/28/2025, 6:35:33 PM [32m    LOG[39m [38;5;3m[RouterExplorer] [39m[32mMapped {/api/auth/send-code, POST} route[39m[38;5;3m +0ms[39m
[32m[Nest] 3483  - [39m08/28/2025, 6:35:33 PM [32m    LOG[39m [38;5;3m[RouterExplorer] [39m[32mMapped {/api/auth/verify-code, POST} route[39m[38;5;3m +0ms[39m
[32m[Nest] 3483  - [39m08/28/2025, 6:35:33 PM [32m    LOG[39m [38;5;3m[RouterExplorer] [39m[32mMapped {/api/auth/refresh, POST} route[39m[38;5;3m +0ms[39m
[32m[Nest] 3483  - [39m08/28/2025, 6:35:33 PM [32m    LOG[39m [38;5;3m[RouterExplorer] [39m[32mMapped {/api/auth/register-public, POST} route[39m[38;5;3m +0ms[39m
[32m[Nest] 3483  - [39m08/28/2025, 6:35:33 PM [32m    LOG[39m [38;5;3m[RouterExplorer] [39m[32mMapped {/api/auth/forgot-password, POST} route[39m[38;5;3m +0ms[39m
[32m[Nest] 3483  - [39m08/28/2025, 6:35:33 PM [32m    LOG[39m [38;5;3m[RouterExplorer] [39m[32mMapped {/api/auth/reset-password, POST} route[39m[38;5;3m +0ms[39m
[32m[Nest] 3483  - [39m08/28/2025, 6:35:33 PM [32m    LOG[39m [38;5;3m[RoutesResolver] [39m[32mUsersController {/api/users}:[39m[38;5;3m +0ms[39m
[32m[Nest] 3483  - [39m08/28/2025, 6:35:33 PM [32m    LOG[39m [38;5;3m[RouterExplorer] [39m[32mMapped {/api/users, POST} route[39m[38;5;3m +0ms[39m
[32m[Nest] 3483  - [39m08/28/2025, 6:35:33 PM [32m    LOG[39m [38;5;3m[RouterExplorer] [39m[32mMapped {/api/users, GET} route[39m[38;5;3m +0ms[39m
[32m[Nest] 3483  - [39m08/28/2025, 6:35:33 PM [32m    LOG[39m [38;5;3m[RouterExplorer] [39m[32mMapped {/api/users/statistics, GET} route[39m[38;5;3m +0ms[39m
[32m[Nest] 3483  - [39m08/28/2025, 6:35:33 PM [32m    LOG[39m [38;5;3m[RouterExplorer] [39m[32mMapped {/api/users/me, GET} route[39m[38;5;3m +1ms[39m
[32m[Nest] 3483  - [39m08/28/2025, 6:35:33 PM [32m    LOG[39m [38;5;3m[RouterExplorer] [39m[32mMapped {/api/users/:id, GET} route[39m[38;5;3m +0ms[39m
[32m[Nest] 3483  - [39m08/28/2025, 6:35:33 PM [32m    LOG[39m [38;5;3m[RouterExplorer] [39m[32mMapped {/api/users/:id, PATCH} route[39m[38;5;3m +0ms[39m
[32m[Nest] 3483  - [39m08/28/2025, 6:35:33 PM [32m    LOG[39m [38;5;3m[RouterExplorer] [39m[32mMapped {/api/users/:id, DELETE} route[39m[38;5;3m +0ms[39m
[32m[Nest] 3483  - [39m08/28/2025, 6:35:33 PM [32m    LOG[39m [38;5;3m[RouterExplorer] [39m[32mMapped {/api/users/:id/activate, PUT} route[39m[38;5;3m +0ms[39m
[32m[Nest] 3483  - [39m08/28/2025, 6:35:33 PM [32m    LOG[39m [38;5;3m[RouterExplorer] [39m[32mMapped {/api/users/:id/suspend, PUT} route[39m[38;5;3m +0ms[39m
[32m[Nest] 3483  - [39m08/28/2025, 6:35:33 PM [32m    LOG[39m [38;5;3m[RouterExplorer] [39m[32mMapped {/api/users/:id/role, PUT} route[39m[38;5;3m +0ms[39m
[32m[Nest] 3483  - [39m08/28/2025, 6:35:33 PM [32m    LOG[39m [38;5;3m[RouterExplorer] [39m[32mMapped {/api/users/bulk/update, PUT} route[39m[38;5;3m +0ms[39m
[32m[Nest] 3483  - [39m08/28/2025, 6:35:33 PM [32m    LOG[39m [38;5;3m[RouterExplorer] [39m[32mMapped {/api/users/bulk/delete, DELETE} route[39m[38;5;3m +0ms[39m
[32m[Nest] 3483  - [39m08/28/2025, 6:35:33 PM [32m    LOG[39m [38;5;3m[RouterExplorer] [39m[32mMapped {/api/users/:id/groups, POST} route[39m[38;5;3m +0ms[39m
[32m[Nest] 3483  - [39m08/28/2025, 6:35:33 PM [32m    LOG[39m [38;5;3m[RouterExplorer] [39m[32mMapped {/api/users/:id/groups/:groupId, DELETE} route[39m[38;5;3m +0ms[39m
[32m[Nest] 3483  - [39m08/28/2025, 6:35:33 PM [32m    LOG[39m [38;5;3m[RouterExplorer] [39m[32mMapped {/api/users/:id/auth-providers, GET} route[39m[38;5;3m +0ms[39m
[32m[Nest] 3483  - [39m08/28/2025, 6:35:33 PM [32m    LOG[39m [38;5;3m[RouterExplorer] [39m[32mMapped {/api/users/:id/auth-providers, POST} route[39m[38;5;3m +0ms[39m
[32m[Nest] 3483  - [39m08/28/2025, 6:35:33 PM [32m    LOG[39m [38;5;3m[RouterExplorer] [39m[32mMapped {/api/users/:id/auth-providers/:provider, DELETE} route[39m[38;5;3m +0ms[39m
[32m[Nest] 3483  - [39m08/28/2025, 6:35:33 PM [32m    LOG[39m [38;5;3m[RouterExplorer] [39m[32mMapped {/api/users/settings, GET} route[39m[38;5;3m +0ms[39m
[32m[Nest] 3483  - [39m08/28/2025, 6:35:33 PM [32m    LOG[39m [38;5;3m[RoutesResolver] [39m[32mUserGroupsController {/api/user-groups}:[39m[38;5;3m +0ms[39m
[32m[Nest] 3483  - [39m08/28/2025, 6:35:33 PM [32m    LOG[39m [38;5;3m[RouterExplorer] [39m[32mMapped {/api/user-groups, POST} route[39m[38;5;3m +0ms[39m
[32m[Nest] 3483  - [39m08/28/2025, 6:35:33 PM [32m    LOG[39m [38;5;3m[RouterExplorer] [39m[32mMapped {/api/user-groups, GET} route[39m[38;5;3m +0ms[39m
[32m[Nest] 3483  - [39m08/28/2025, 6:35:33 PM [32m    LOG[39m [38;5;3m[RouterExplorer] [39m[32mMapped {/api/user-groups/:id, GET} route[39m[38;5;3m +1ms[39m
[32m[Nest] 3483  - [39m08/28/2025, 6:35:33 PM [32m    LOG[39m [38;5;3m[RouterExplorer] [39m[32mMapped {/api/user-groups/:id, PATCH} route[39m[38;5;3m +0ms[39m
[32m[Nest] 3483  - [39m08/28/2025, 6:35:33 PM [32m    LOG[39m [38;5;3m[RouterExplorer] [39m[32mMapped {/api/user-groups/:id, DELETE} route[39m[38;5;3m +0ms[39m
[32m[Nest] 3483  - [39m08/28/2025, 6:35:33 PM [32m    LOG[39m [38;5;3m[RoutesResolver] [39m[32mViewLevelsController {/api/view-levels}:[39m[38;5;3m +0ms[39m
[32m[Nest] 3483  - [39m08/28/2025, 6:35:33 PM [32m    LOG[39m [38;5;3m[RouterExplorer] [39m[32mMapped {/api/view-levels, POST} route[39m[38;5;3m +0ms[39m
[32m[Nest] 3483  - [39m08/28/2025, 6:35:33 PM [32m    LOG[39m [38;5;3m[RouterExplorer] [39m[32mMapped {/api/view-levels, GET} route[39m[38;5;3m +0ms[39m
[32m[Nest] 3483  - [39m08/28/2025, 6:35:33 PM [32m    LOG[39m [38;5;3m[RouterExplorer] [39m[32mMapped {/api/view-levels/:id, GET} route[39m[38;5;3m +0ms[39m
[32m[Nest] 3483  - [39m08/28/2025, 6:35:33 PM [32m    LOG[39m [38;5;3m[RouterExplorer] [39m[32mMapped {/api/view-levels/:id, PATCH} route[39m[38;5;3m +0ms[39m
[32m[Nest] 3483  - [39m08/28/2025, 6:35:33 PM [32m    LOG[39m [38;5;3m[RouterExplorer] [39m[32mMapped {/api/view-levels/:id, DELETE} route[39m[38;5;3m +0ms[39m
[32m[Nest] 3483  - [39m08/28/2025, 6:35:33 PM [32m    LOG[39m [38;5;3m[RouterExplorer] [39m[32mMapped {/api/view-levels/:id/groups, PUT} route[39m[38;5;3m +0ms[39m
[32m[Nest] 3483  - [39m08/28/2025, 6:35:33 PM [32m    LOG[39m [38;5;3m[RoutesResolver] [39m[32mInvitationsController {/api/invitations}:[39m[38;5;3m +0ms[39m
[32m[Nest] 3483  - [39m08/28/2025, 6:35:33 PM [32m    LOG[39m [38;5;3m[RouterExplorer] [39m[32mMapped {/api/invitations, POST} route[39m[38;5;3m +0ms[39m
[32m[Nest] 3483  - [39m08/28/2025, 6:35:33 PM [32m    LOG[39m [38;5;3m[RouterExplorer] [39m[32mMapped {/api/invitations, GET} route[39m[38;5;3m +0ms[39m
[32m[Nest] 3483  - [39m08/28/2025, 6:35:33 PM [32m    LOG[39m [38;5;3m[RouterExplorer] [39m[32mMapped {/api/invitations/by-token/:token, GET} route[39m[38;5;3m +0ms[39m
[32m[Nest] 3483  - [39m08/28/2025, 6:35:33 PM [32m    LOG[39m [38;5;3m[RouterExplorer] [39m[32mMapped {/api/invitations/accept, POST} route[39m[38;5;3m +0ms[39m
[32m[Nest] 3483  - [39m08/28/2025, 6:35:33 PM [32m    LOG[39m [38;5;3m[RouterExplorer] [39m[32mMapped {/api/invitations/:id, GET} route[39m[38;5;3m +0ms[39m
[32m[Nest] 3483  - [39m08/28/2025, 6:35:33 PM [32m    LOG[39m [38;5;3m[RouterExplorer] [39m[32mMapped {/api/invitations/:id, PATCH} route[39m[38;5;3m +0ms[39m
[32m[Nest] 3483  - [39m08/28/2025, 6:35:33 PM [32m    LOG[39m [38;5;3m[RouterExplorer] [39m[32mMapped {/api/invitations/:id/cancel, POST} route[39m[38;5;3m +0ms[39m
[32m[Nest] 3483  - [39m08/28/2025, 6:35:33 PM [32m    LOG[39m [38;5;3m[RouterExplorer] [39m[32mMapped {/api/invitations/:id/resend, POST} route[39m[38;5;3m +0ms[39m
[32m[Nest] 3483  - [39m08/28/2025, 6:35:33 PM [32m    LOG[39m [38;5;3m[RouterExplorer] [39m[32mMapped {/api/invitations/:id, DELETE} route[39m[38;5;3m +0ms[39m
[32m[Nest] 3483  - [39m08/28/2025, 6:35:33 PM [32m    LOG[39m [38;5;3m[RoutesResolver] [39m[32mUiController {/api/ui}:[39m[38;5;3m +1ms[39m
[33m[Nest] 3483  - [39m08/28/2025, 6:35:33 PM [33m   WARN[39m [38;5;3m[LegacyRouteConverter] [39m[33mUnsupported route path: "/api/ui/breadcrumbs/projects/:projectId/*". In previous versions, the symbols ?, *, and + were used to denote optional or repeating path parameters. The latest version of "path-to-regexp" now requires the use of named parameters. For example, instead of using a route like /users/* to capture all routes starting with "/users", you should use /users/*path. For more details, refer to the migration guide. Attempting to auto-convert...[39m
[32m[Nest] 3483  - [39m08/28/2025, 6:35:33 PM [32m    LOG[39m [38;5;3m[RouterExplorer] [39m[32mMapped {/api/ui/breadcrumbs/projects/:projectId/*, GET} route[39m[38;5;3m +0ms[39m
[32m[Nest] 3483  - [39m08/28/2025, 6:35:33 PM [32m    LOG[39m [38;5;3m[RouterExplorer] [39m[32mMapped {/api/ui/meta, GET} route[39m[38;5;3m +0ms[39m
[32m[Nest] 3483  - [39m08/28/2025, 6:35:33 PM [32m    LOG[39m [38;5;3m[RouterExplorer] [39m[32mMapped {/api/ui/admin-sidebar, GET} route[39m[38;5;3m +0ms[39m
[32m[Nest] 3483  - [39m08/28/2025, 6:35:33 PM [32m    LOG[39m [38;5;3m[RouterExplorer] [39m[32mMapped {/api/ui/admin-user, GET} route[39m[38;5;3m +0ms[39m
[32m[Nest] 3483  - [39m08/28/2025, 6:35:33 PM [32m    LOG[39m [38;5;3m[RouterExplorer] [39m[32mMapped {/api/ui/project-sidebar, GET} route[39m[38;5;3m +0ms[39m
[32m[Nest] 3483  - [39m08/28/2025, 6:35:33 PM [32m    LOG[39m [38;5;3m[RoutesResolver] [39m[32mAdminScreensController {/api/admin-screens}:[39m[38;5;3m +0ms[39m
[32m[Nest] 3483  - [39m08/28/2025, 6:35:33 PM [32m    LOG[39m [38;5;3m[RouterExplorer] [39m[32mMapped {/api/admin-screens, GET} route[39m[38;5;3m +0ms[39m
[32m[Nest] 3483  - [39m08/28/2025, 6:35:33 PM [32m    LOG[39m [38;5;3m[RouterExplorer] [39m[32mMapped {/api/admin-screens/:alias, GET} route[39m[38;5;3m +0ms[39m
[32m[Nest] 3483  - [39m08/28/2025, 6:35:33 PM [32m    LOG[39m [38;5;3m[RouterExplorer] [39m[32mMapped {/api/admin-screens, POST} route[39m[38;5;3m +0ms[39m
[32m[Nest] 3483  - [39m08/28/2025, 6:35:33 PM [32m    LOG[39m [38;5;3m[RouterExplorer] [39m[32mMapped {/api/admin-screens/:alias, DELETE} route[39m[38;5;3m +0ms[39m
[Prisma] onModuleInit start
prisma:info Starting a sqlite pool with 21 connections.
✅ Подключение к базе данных установлено
[Prisma] onModuleInit end
[32m[Nest] 3483  - [39m08/28/2025, 6:35:33 PM [32m    LOG[39m [38;5;3m[NestApplication] [39m[32mNest application successfully started[39m[38;5;3m +20ms[39m
[31m[Nest] 3483  - [39m08/28/2025, 6:35:33 PM [31m  ERROR[39m [38;5;3m[NestApplication] [39m[31mError: listen EADDRINUSE: address already in use :::3002[39m[38;5;3m +1ms[39m
[BOOT] Failed to start server: Error: listen EADDRINUSE: address already in use :::3002
    at Server.setupListenHandle [as _listen2] (node:net:1908:16)
    at listenInCluster (node:net:1965:12)
    at Server.listen (node:net:2067:7)
    at ExpressAdapter.listen (/Users/dmitriy/Google Диск/Проекты курсор/Situs/node_modules/@nestjs/platform-express/adapters/express-adapter.js:127:32)
    at /Users/dmitriy/Google Диск/Проекты курсор/Situs/node_modules/@nestjs/core/nest-application.js:188:30
    at new Promise (<anonymous>)
    at NestApplication.listen (/Users/dmitriy/Google Диск/Проекты курсор/Situs/node_modules/@nestjs/core/nest-application.js:178:16)
    at async bootstrap (/Users/dmitriy/Google Диск/Проекты курсор/Situs/dist/server/main.js:99:13) {
  code: 'EADDRINUSE',
  errno: -48,
  syscall: 'listen',
  address: '::',
  port: 3002
}
[BOOT] Bootstrap failed: Error: listen EADDRINUSE: address already in use :::3002
    at Server.setupListenHandle [as _listen2] (node:net:1908:16)
    at listenInCluster (node:net:1965:12)
    at Server.listen (node:net:2067:7)
    at ExpressAdapter.listen (/Users/dmitriy/Google Диск/Проекты курсор/Situs/node_modules/@nestjs/platform-express/adapters/express-adapter.js:127:32)
    at /Users/dmitriy/Google Диск/Проекты курсор/Situs/node_modules/@nestjs/core/nest-application.js:188:30
    at new Promise (<anonymous>)
    at NestApplication.listen (/Users/dmitriy/Google Диск/Проекты курсор/Situs/node_modules/@nestjs/core/nest-application.js:178:16)
    at async bootstrap (/Users/dmitriy/Google Диск/Проекты курсор/Situs/dist/server/main.js:99:13) {
  code: 'EADDRINUSE',
  errno: -48,
  syscall: 'listen',
  address: '::',
  port: 3002
}
